c:\users\jared.ramey\documents\github\knight_framework\knight_framework_v1\knight_framework_v1\debug\vc120.pdb
c:\users\jared.ramey\documents\github\knight_framework\knight_framework_v1\knight_framework_v1\debug\vc120.idb
c:\users\jared.ramey\documents\github\knight_framework\knight_framework_v1\knight_framework_v1\debug\glfont.nativecodeanalysis.xml
c:\users\jared.ramey\documents\github\knight_framework\knight_framework_v1\knight_framework_v1\debug\global.nativecodeanalysis.xml
c:\users\jared.ramey\documents\github\knight_framework\knight_framework_v1\knight_framework_v1\debug\knight_quad.nativecodeanalysis.xml
c:\users\jared.ramey\documents\github\knight_framework\knight_framework_v1\knight_framework_v1\debug\knight_triangle.nativecodeanalysis.xml
c:\users\jared.ramey\documents\github\knight_framework\knight_framework_v1\knight_framework_v1\debug\source.nativecodeanalysis.xml
c:\users\jared.ramey\documents\github\knight_framework\knight_framework_v1\knight_framework_v1\debug\source.obj
c:\users\jared.ramey\documents\github\knight_framework\knight_framework_v1\knight_framework_v1\debug\knight_triangle.obj
c:\users\jared.ramey\documents\github\knight_framework\knight_framework_v1\knight_framework_v1\debug\knight_quad.obj
c:\users\jared.ramey\documents\github\knight_framework\knight_framework_v1\knight_framework_v1\debug\global.obj
c:\users\jared.ramey\documents\github\knight_framework\knight_framework_v1\knight_framework_v1\debug\glfont.obj
c:\users\jared.ramey\documents\github\knight_framework\knight_framework_v1\knight_framework_v1\debug\nativecodeanalysis.read.1.tlog
c:\users\jared.ramey\documents\github\knight_framework\knight_framework_v1\knight_framework_v1\debug\vc.nativecodeanalysis.all.xml
c:\users\jared.ramey\documents\github\knight_framework\knight_framework_v1\debug\knight_framework_v1.pdb
c:\users\jared.ramey\documents\github\knight_framework\knight_framework_v1\debug\knight_framework_v1.ilk
c:\users\jared.ramey\documents\github\knight_framework\knight_framework_v1\debug\knight_framework_v1.exe.lastcodeanalysissucceeded
c:\users\jared.ramey\documents\github\knight_framework\knight_framework_v1\knight_framework_v1\debug\knight_f.939d2f51.tlog\cl.command.1.tlog
c:\users\jared.ramey\documents\github\knight_framework\knight_framework_v1\knight_framework_v1\debug\knight_f.939d2f51.tlog\cl.read.1.tlog
c:\users\jared.ramey\documents\github\knight_framework\knight_framework_v1\knight_framework_v1\debug\knight_f.939d2f51.tlog\cl.write.1.tlog
c:\users\jared.ramey\documents\github\knight_framework\knight_framework_v1\knight_framework_v1\debug\knight_f.939d2f51.tlog\link.command.1.tlog
c:\users\jared.ramey\documents\github\knight_framework\knight_framework_v1\knight_framework_v1\debug\knight_f.939d2f51.tlog\link.read.1.tlog
c:\users\jared.ramey\documents\github\knight_framework\knight_framework_v1\knight_framework_v1\debug\knight_f.939d2f51.tlog\link.write.1.tlog
